<?xml version="1.0" encoding="UTF-8"?>
<Site BuildName="(empty)"
	BuildStamp="20250828-0333-Experimental"
	Name="xps"
	Generator="ctest-3.22.1"
	CompilerName="/usr/bin/c++"
	CompilerVersion="11.4.0"
	OSName="Linux"
	Hostname="xps"
	OSRelease="6.8.0-65-generic"
	OSVersion="#68~22.04.1-Ubuntu SMP PREEMPT_DYNAMIC Tue Jul 15 18:06:34 UTC 2"
	OSPlatform="x86_64"
	Is64Bits="1"
	VendorString="GenuineIntel"
	VendorID="Intel Corporation"
	FamilyID="6"
	ModelID="186"
	ProcessorCacheSize="24576"
	NumberOfLogicalCPU="20"
	NumberOfPhysicalCPU="14"
	TotalVirtualMemory="2047"
	TotalPhysicalMemory="31765"
	LogicalProcessorsPerPhysical="1"
	ProcessorClockFrequency="1657.35"
	>
	<Testing>
		<StartDateTime>Aug 28 13:33 AEST</StartDateTime>
		<StartTestTime>1756351983</StartTestTime>
		<TestList/>
		<EndDateTime>Aug 28 13:33 AEST</EndDateTime>
		<EndTestTime>1756351983</EndTestTime>
		<ElapsedMinutes>0</ElapsedMinutes>
	</Testing>
</Site>
