-- Found ament_cmake: 1.3.12 (/opt/ros/humble/share/ament_cmake/cmake)
-- Found rclcpp: 16.0.14 (/opt/ros/humble/share/rclcpp/cmake)
-- Found rosidl_generator_c: 3.1.7 (/opt/ros/humble/share/rosidl_generator_c/cmake)
-- Found rosidl_adapter: 3.1.7 (/opt/ros/humble/share/rosidl_adapter/cmake)
-- Found rosidl_generator_cpp: 3.1.7 (/opt/ros/humble/share/rosidl_generator_cpp/cmake)
-- Using all available rosidl_typesupport_c: rosidl_typesupport_fastrtps_c;rosidl_typesupport_introspection_c
-- Using all available rosidl_typesupport_cpp: rosidl_typesupport_fastrtps_cpp;rosidl_typesupport_introspection_cpp
-- Found rmw_implementation_cmake: 6.1.2 (/opt/ros/humble/share/rmw_implementation_cmake/cmake)
-- Found rmw_fastrtps_cpp: 6.2.8 (/opt/ros/humble/share/rmw_fastrtps_cpp/cmake)
-- Using RMW implementation 'rmw_fastrtps_cpp' as default
-- Found nav_msgs: 4.9.0 (/opt/ros/humble/share/nav_msgs/cmake)
-- Found sensor_msgs: 4.9.0 (/opt/ros/humble/share/sensor_msgs/cmake)
-- Found tf2: 0.25.16 (/opt/ros/humble/share/tf2/cmake)
-- Found tf2_ros: 0.25.16 (/opt/ros/humble/share/tf2_ros/cmake)
-- Found tf2_geometry_msgs: 0.25.16 (/opt/ros/humble/share/tf2_geometry_msgs/cmake)
-- Found eigen3_cmake_module: 0.1.1 (/opt/ros/humble/share/eigen3_cmake_module/cmake)
-- Ensuring Eigen3 include directory is part of orocos-kdl CMake target
-- Found std_srvs: 4.9.0 (/opt/ros/humble/share/std_srvs/cmake)
-- Found visualization_msgs: 4.9.0 (/opt/ros/humble/share/visualization_msgs/cmake)
-- Found ament_cmake_ros: 0.10.0 (/opt/ros/humble/share/ament_cmake_ros/cmake)
-- Found rosbag2_cpp: 0.15.15 (/opt/ros/humble/share/rosbag2_cpp/cmake)
-- Configuring done
-- Generating done
-- Build files have been written to: /home/claudia/ForestGuard/build/controller_pkg
[ 14%] [32mBuilding CXX object CMakeFiles/quadcopter.dir/src/main_quadcopter.cpp.o[0m
[ 28%] [32mBuilding CXX object CMakeFiles/vismarker.dir/src/main_vismarker.cpp.o[0m
[ 42%] [32mBuilding CXX object CMakeFiles/quadcopter.dir/src/controller.cpp.o[0m
[ 57%] [32mBuilding CXX object CMakeFiles/vismarker.dir/src/vis_marker.cpp.o[0m
[ 71%] [32mBuilding CXX object CMakeFiles/quadcopter.dir/src/quadcopter.cpp.o[0m
[01m[K/home/claudia/ForestGuard/src/controller_pkg/src/quadcopter.cpp:15:10:[m[K [01;31m[Kfatal error: [m[Kcontroller.h: No such file or directory
   15 | #include [01;31m[K"controller.h"[m[K
      |          [01;31m[K^~~~~~~~~~~~~~[m[K
[01m[K/home/claudia/ForestGuard/src/controller_pkg/src/controller.cpp:12:10:[m[K [01;31m[Kfatal error: [m[Kcontroller.h: No such file or directory
   12 | #include [01;31m[K"controller.h"[m[K
      |          [01;31m[K^~~~~~~~~~~~~~[m[K
compilation terminated.
compilation terminated.
gmake[2]: *** [CMakeFiles/quadcopter.dir/build.make:90: CMakeFiles/quadcopter.dir/src/controller.cpp.o] Error 1
gmake[2]: *** Waiting for unfinished jobs....
gmake[2]: *** [CMakeFiles/quadcopter.dir/build.make:104: CMakeFiles/quadcopter.dir/src/quadcopter.cpp.o] Error 1
[01m[K/home/claudia/ForestGuard/src/controller_pkg/src/main_vismarker.cpp:6:10:[m[K [01;31m[Kfatal error: [m[Kvis_marker.h: No such file or directory
    6 | #include [01;31m[K"vis_marker.h"[m[K
      |          [01;31m[K^~~~~~~~~~~~~~[m[K
compilation terminated.
gmake[2]: *** [CMakeFiles/vismarker.dir/build.make:76: CMakeFiles/vismarker.dir/src/main_vismarker.cpp.o] Error 1
gmake[2]: *** Waiting for unfinished jobs....
[01m[K/home/claudia/ForestGuard/src/controller_pkg/src/main_quadcopter.cpp:6:10:[m[K [01;31m[Kfatal error: [m[Kquadcopter.h: No such file or directory
    6 | #include [01;31m[K"quadcopter.h"[m[K
      |          [01;31m[K^~~~~~~~~~~~~~[m[K
compilation terminated.
gmake[2]: *** [CMakeFiles/quadcopter.dir/build.make:76: CMakeFiles/quadcopter.dir/src/main_quadcopter.cpp.o] Error 1
gmake[1]: *** [CMakeFiles/Makefile2:139: CMakeFiles/quadcopter.dir/all] Error 2
gmake[1]: *** Waiting for unfinished jobs....
[01m[K/home/claudia/ForestGuard/src/controller_pkg/src/vis_marker.cpp:21:10:[m[K [01;31m[Kfatal error: [m[Kvis_marker.h: No such file or directory
   21 | #include [01;31m[K"vis_marker.h"[m[K
      |          [01;31m[K^~~~~~~~~~~~~~[m[K
compilation terminated.
gmake[2]: *** [CMakeFiles/vismarker.dir/build.make:90: CMakeFiles/vismarker.dir/src/vis_marker.cpp.o] Error 1
gmake[1]: *** [CMakeFiles/Makefile2:165: CMakeFiles/vismarker.dir/all] Error 2
gmake: *** [Makefile:146: all] Error 2
