-- Found ament_cmake: 1.3.12 (/opt/ros/humble/share/ament_cmake/cmake)
-- Override CMake install command with custom implementation using symlinks instead of copying resources
-- Found rclcpp: 16.0.15 (/opt/ros/humble/share/rclcpp/cmake)
-- Found rosidl_generator_c: 3.1.7 (/opt/ros/humble/share/rosidl_generator_c/cmake)
-- Found rosidl_adapter: 3.1.7 (/opt/ros/humble/share/rosidl_adapter/cmake)
-- Found rosidl_generator_cpp: 3.1.7 (/opt/ros/humble/share/rosidl_generator_cpp/cmake)
-- Using all available rosidl_typesupport_c: rosidl_typesupport_fastrtps_c;rosidl_typesupport_introspection_c
-- Using all available rosidl_typesupport_cpp: rosidl_typesupport_fastrtps_cpp;rosidl_typesupport_introspection_cpp
-- Found rmw_implementation_cmake: 6.1.2 (/opt/ros/humble/share/rmw_implementation_cmake/cmake)
-- Found rmw_fastrtps_cpp: 6.2.8 (/opt/ros/humble/share/rmw_fastrtps_cpp/cmake)
-- Using RMW implementation 'rmw_fastrtps_cpp' as default
-- Found rclcpp_action: 16.0.15 (/opt/ros/humble/share/rclcpp_action/cmake)
-- Found geometry_msgs: 4.9.0 (/opt/ros/humble/share/geometry_msgs/cmake)
-- Found sensor_msgs: 4.9.0 (/opt/ros/humble/share/sensor_msgs/cmake)
-- Found nav_msgs: 4.9.0 (/opt/ros/humble/share/nav_msgs/cmake)
-- Found visualization_msgs: 4.9.0 (/opt/ros/humble/share/visualization_msgs/cmake)
-- Found nav2_msgs: 1.1.18 (/opt/ros/humble/share/nav2_msgs/cmake)
-- Found tf2_ros: 0.25.16 (/opt/ros/humble/share/tf2_ros/cmake)
-- Found tf2_geometry_msgs: 0.25.16 (/opt/ros/humble/share/tf2_geometry_msgs/cmake)
-- Found eigen3_cmake_module: 0.1.1 (/opt/ros/humble/share/eigen3_cmake_module/cmake)
-- Ensuring Eigen3 include directory is part of orocos-kdl CMake target
-- Found cv_bridge: 3.2.1 (/opt/ros/humble/share/cv_bridge/cmake)
-- Found ament_cmake_ros: 0.10.0 (/opt/ros/humble/share/ament_cmake_ros/cmake)
-- Found rosbag2_cpp: 0.15.15 (/opt/ros/humble/share/rosbag2_cpp/cmake)
-- Found ament_lint_auto: 0.12.14 (/opt/ros/humble/share/ament_lint_auto/cmake)
-- Added test 'cppcheck' to perform static code analysis on C / C++ code
-- Configured cppcheck include dirs: $<BUILD_INTERFACE:/home/claudia/ForestGuard/src/forest_controller/include>
-- Configured cppcheck exclude dirs and/or files: 
-- Added test 'lint_cmake' to check CMake code style
-- Added test 'uncrustify' to check C / C++ code style
-- Configured uncrustify additional arguments: 
-- Added test 'xmllint' to check XML markup files
-- Configuring done
-- Generating done
-- Build files have been written to: /home/claudia/ForestGuard/build/forest_controller
[ 66%] [32mBuilding CXX object CMakeFiles/forest_controller.dir/src/main_husky.cpp.o[0m
[ 66%] [32mBuilding CXX object CMakeFiles/forest_controller.dir/src/controller_husky.cpp.o[0m
In file included from [01m[K/home/claudia/ForestGuard/src/forest_controller/src/controller_husky.cpp:21[m[K:
[01m[K/opt/ros/humble/include/tf2_geometry_msgs/tf2_geometry_msgs/tf2_geometry_msgs.h:35:2:[m[K [01;35m[Kwarning: [m[K#warning This header is obsolete, please include tf2_geometry_msgs/tf2_geometry_msgs.hpp instead [[01;35m[K]8;;https://gcc.gnu.org/onlinedocs/gcc/Warning-Options.html#index-Wcpp-Wcpp]8;;[m[K]
   35 | #[01;35m[Kwarning[m[K This header is obsolete, please include tf2_geometry_msgs/tf2_geometry_msgs.hpp instead
      |  [01;35m[K^~~~~~~[m[K
[01m[K/home/claudia/ForestGuard/src/forest_controller/src/main_husky.cpp:[m[K In function â€˜[01m[Kint main(int, char**)[m[Kâ€™:
[01m[K/home/claudia/ForestGuard/src/forest_controller/src/main_husky.cpp:18:33:[m[K [01;31m[Kerror: [m[Kâ€˜[01m[KHusky[m[Kâ€™ was not declared in this scope
   18 |   rclcpp::spin(std::make_shared<[01;31m[KHusky[m[K>());
      |                                 [01;31m[K^~~~~[m[K
[01m[K/home/claudia/ForestGuard/src/forest_controller/src/main_husky.cpp:18:39:[m[K [01;31m[Kerror: [m[Kno matching function for call to â€˜[01m[Kmake_shared<<expression error> >()[m[Kâ€™
   18 |   rclcpp::spin([01;31m[Kstd::make_shared<Husky>()[m[K);
      |                [01;31m[K~~~~~~~~~~~~~~~~~~~~~~~^~[m[K
In file included from [01m[K/usr/include/c++/11/memory:77[m[K,
                 from [01m[K/home/claudia/ForestGuard/src/forest_controller/include/forest_controller/controller_husky.h:4[m[K,
                 from [01m[K/home/claudia/ForestGuard/src/forest_controller/src/main_husky.cpp:6[m[K:
[01m[K/usr/include/c++/11/bits/shared_ptr.h:875:5:[m[K [01;36m[Knote: [m[Kcandidate: â€˜[01m[Ktemplate<class _Tp, class ... _Args> std::shared_ptr<_Tp> std::make_shared(_Args&& ...)[m[Kâ€™
  875 |     [01;36m[Kmake_shared[m[K(_Args&&... __args)
      |     [01;36m[K^~~~~~~~~~~[m[K
[01m[K/usr/include/c++/11/bits/shared_ptr.h:875:5:[m[K [01;36m[Knote: [m[K  template argument deduction/substitution failed:
[01m[K/home/claudia/ForestGuard/src/forest_controller/src/main_husky.cpp:18:39:[m[K [01;31m[Kerror: [m[Ktemplate argument 1 is invalid
   18 |   rclcpp::spin([01;31m[Kstd::make_shared<Husky>()[m[K);
      |                [01;31m[K~~~~~~~~~~~~~~~~~~~~~~~^~[m[K
[01m[K/home/claudia/ForestGuard/src/forest_controller/src/controller_husky.cpp:[m[K In member function â€˜[01m[Kvoid Controller::goalPoseCallback(geometry_msgs::msg::PoseArray_<std::allocator<void> >::SharedPtr)[m[Kâ€™:
[01m[K/home/claudia/ForestGuard/src/forest_controller/src/controller_husky.cpp:164:54:[m[K [01;31m[Kerror: [m[Kunable to find string literal operator â€˜[01m[Koperator""rclcpp[m[Kâ€™ with â€˜[01m[Kconst char [13][m[Kâ€™, â€˜[01m[Klong unsigned int[m[Kâ€™ arguments
  164 |   std::string frame = msg->header.frame_id.empty() ? [01;31m[K"map#include "rclcpp[m[K/rclcpp.hpp"" : msg->header.frame_id;
      |                                                      [01;31m[K^~~~~~~~~~~~~~~~~~~~[m[K
[01m[K/home/claudia/ForestGuard/src/forest_controller/src/controller_husky.cpp:164:81:[m[K [01;31m[Kerror: [m[Kexpected primary-expression before â€˜[01m[K.[m[Kâ€™ token
  164 |   std::string frame = msg->header.frame_id.empty() ? "map#include "rclcpp/rclcpp[01;31m[K.[m[Khpp"" : msg->header.frame_id;
      |                                                                                 [01;31m[K^[m[K
[01m[K/home/claudia/ForestGuard/src/forest_controller/src/controller_husky.cpp:164:85:[m[K [01;31m[Kerror: [m[Kexpected â€˜[01m[K:[m[Kâ€™ before string constant
  164 |   std::string frame = msg->header.frame_id.empty() ? "map#include "rclcpp/rclcpp.hpp[01;31m[K"[m[K[32m[K"[m[K : msg->header.frame_id;
      |                                                                                     [01;31m[K^[m[K[32m[K~[m[K
      |                                                                                     [32m[K:[m[K
gmake[2]: *** [CMakeFiles/forest_controller.dir/build.make:90: CMakeFiles/forest_controller.dir/src/main_husky.cpp.o] Error 1
gmake[2]: *** Waiting for unfinished jobs....
gmake[2]: *** [CMakeFiles/forest_controller.dir/build.make:76: CMakeFiles/forest_controller.dir/src/controller_husky.cpp.o] Error 1
gmake[1]: *** [CMakeFiles/Makefile2:137: CMakeFiles/forest_controller.dir/all] Error 2
gmake: *** [Makefile:146: all] Error 2
