[0.015s] Invoking command in '/home/claudia/ForestGuard/build/forest_controller': CMAKE_PREFIX_PATH=${CMAKE_PREFIX_PATH}:/home/claudia/ForestGuard/install/forest_guard_sim:/home/claudia/ros2_ws/install/examples_rclcpp_minimal_publisher:/home/claudia/ros2_ws/install/a3_support:/opt/ros/humble /usr/bin/cmake --build /home/claudia/ForestGuard/build/forest_controller -- -j16 -l16
[0.030s] -- Found ament_cmake: 1.3.12 (/opt/ros/humble/share/ament_cmake/cmake)
[0.098s] -- Override CMake install command with custom implementation using symlinks instead of copying resources
[0.105s] -- Found rclcpp: 16.0.15 (/opt/ros/humble/share/rclcpp/cmake)
[0.129s] -- Found rosidl_generator_c: 3.1.7 (/opt/ros/humble/share/rosidl_generator_c/cmake)
[0.131s] -- Found rosidl_adapter: 3.1.7 (/opt/ros/humble/share/rosidl_adapter/cmake)
[0.135s] -- Found rosidl_generator_cpp: 3.1.7 (/opt/ros/humble/share/rosidl_generator_cpp/cmake)
[0.142s] -- Using all available rosidl_typesupport_c: rosidl_typesupport_fastrtps_c;rosidl_typesupport_introspection_c
[0.152s] -- Using all available rosidl_typesupport_cpp: rosidl_typesupport_fastrtps_cpp;rosidl_typesupport_introspection_cpp
[0.176s] -- Found rmw_implementation_cmake: 6.1.2 (/opt/ros/humble/share/rmw_implementation_cmake/cmake)
[0.177s] -- Found rmw_fastrtps_cpp: 6.2.8 (/opt/ros/humble/share/rmw_fastrtps_cpp/cmake)
[0.281s] -- Using RMW implementation 'rmw_fastrtps_cpp' as default
[0.317s] -- Found rclcpp_action: 16.0.15 (/opt/ros/humble/share/rclcpp_action/cmake)
[0.338s] -- Found geometry_msgs: 4.9.0 (/opt/ros/humble/share/geometry_msgs/cmake)
[0.347s] -- Found sensor_msgs: 4.9.0 (/opt/ros/humble/share/sensor_msgs/cmake)
[0.359s] -- Found nav_msgs: 4.9.0 (/opt/ros/humble/share/nav_msgs/cmake)
[0.372s] -- Found visualization_msgs: 4.9.0 (/opt/ros/humble/share/visualization_msgs/cmake)
[0.386s] -- Found nav2_msgs: 1.1.18 (/opt/ros/humble/share/nav2_msgs/cmake)
[0.403s] -- Found tf2_ros: 0.25.16 (/opt/ros/humble/share/tf2_ros/cmake)
[0.440s] -- Found tf2_geometry_msgs: 0.25.16 (/opt/ros/humble/share/tf2_geometry_msgs/cmake)
[0.442s] -- Found eigen3_cmake_module: 0.1.1 (/opt/ros/humble/share/eigen3_cmake_module/cmake)
[0.443s] -- Ensuring Eigen3 include directory is part of orocos-kdl CMake target
[0.444s] -- Found cv_bridge: 3.2.1 (/opt/ros/humble/share/cv_bridge/cmake)
[0.462s] -- Found ament_cmake_ros: 0.10.0 (/opt/ros/humble/share/ament_cmake_ros/cmake)
[0.478s] -- Found rosbag2_cpp: 0.15.15 (/opt/ros/humble/share/rosbag2_cpp/cmake)
[0.528s] -- Found ament_lint_auto: 0.12.14 (/opt/ros/humble/share/ament_lint_auto/cmake)
[0.583s] -- Added test 'cppcheck' to perform static code analysis on C / C++ code
[0.583s] -- Configured cppcheck include dirs: $<BUILD_INTERFACE:/home/claudia/ForestGuard/src/forest_controller/include>
[0.583s] -- Configured cppcheck exclude dirs and/or files: 
[0.584s] -- Added test 'lint_cmake' to check CMake code style
[0.584s] -- Added test 'uncrustify' to check C / C++ code style
[0.585s] -- Configured uncrustify additional arguments: 
[0.585s] -- Added test 'xmllint' to check XML markup files
[0.586s] -- Configuring done
[0.602s] -- Generating done
[0.606s] -- Build files have been written to: /home/claudia/ForestGuard/build/forest_controller
[0.629s] [ 66%] [32mBuilding CXX object CMakeFiles/forest_controller.dir/src/main_husky.cpp.o[0m
[0.629s] [ 66%] [32mBuilding CXX object CMakeFiles/forest_controller.dir/src/controller_husky.cpp.o[0m
[0.923s] In file included from [01m[K/home/claudia/ForestGuard/src/forest_controller/src/controller_husky.cpp:21[m[K:
[0.923s] [01m[K/opt/ros/humble/include/tf2_geometry_msgs/tf2_geometry_msgs/tf2_geometry_msgs.h:35:2:[m[K [01;35m[Kwarning: [m[K#warning This header is obsolete, please include tf2_geometry_msgs/tf2_geometry_msgs.hpp instead [[01;35m[K]8;;https://gcc.gnu.org/onlinedocs/gcc/Warning-Options.html#index-Wcpp-Wcpp]8;;[m[K]
[0.923s]    35 | #[01;35m[Kwarning[m[K This header is obsolete, please include tf2_geometry_msgs/tf2_geometry_msgs.hpp instead
[0.923s]       |  [01;35m[K^~~~~~~[m[K
[2.865s] [01m[K/home/claudia/ForestGuard/src/forest_controller/src/main_husky.cpp:[m[K In function â€˜[01m[Kint main(int, char**)[m[Kâ€™:
[2.865s] [01m[K/home/claudia/ForestGuard/src/forest_controller/src/main_husky.cpp:18:33:[m[K [01;31m[Kerror: [m[Kâ€˜[01m[KHusky[m[Kâ€™ was not declared in this scope
[2.865s]    18 |   rclcpp::spin(std::make_shared<[01;31m[KHusky[m[K>());
[2.865s]       |                                 [01;31m[K^~~~~[m[K
[2.865s] [01m[K/home/claudia/ForestGuard/src/forest_controller/src/main_husky.cpp:18:39:[m[K [01;31m[Kerror: [m[Kno matching function for call to â€˜[01m[Kmake_shared<<expression error> >()[m[Kâ€™
[2.865s]    18 |   rclcpp::spin([01;31m[Kstd::make_shared<Husky>()[m[K);
[2.865s]       |                [01;31m[K~~~~~~~~~~~~~~~~~~~~~~~^~[m[K
[2.871s] In file included from [01m[K/usr/include/c++/11/memory:77[m[K,
[2.872s]                  from [01m[K/home/claudia/ForestGuard/src/forest_controller/include/forest_controller/controller_husky.h:4[m[K,
[2.872s]                  from [01m[K/home/claudia/ForestGuard/src/forest_controller/src/main_husky.cpp:6[m[K:
[2.872s] [01m[K/usr/include/c++/11/bits/shared_ptr.h:875:5:[m[K [01;36m[Knote: [m[Kcandidate: â€˜[01m[Ktemplate<class _Tp, class ... _Args> std::shared_ptr<_Tp> std::make_shared(_Args&& ...)[m[Kâ€™
[2.872s]   875 |     [01;36m[Kmake_shared[m[K(_Args&&... __args)
[2.872s]       |     [01;36m[K^~~~~~~~~~~[m[K
[2.872s] [01m[K/usr/include/c++/11/bits/shared_ptr.h:875:5:[m[K [01;36m[Knote: [m[K  template argument deduction/substitution failed:
[2.872s] [01m[K/home/claudia/ForestGuard/src/forest_controller/src/main_husky.cpp:18:39:[m[K [01;31m[Kerror: [m[Ktemplate argument 1 is invalid
[2.872s]    18 |   rclcpp::spin([01;31m[Kstd::make_shared<Husky>()[m[K);
[2.872s]       |                [01;31m[K~~~~~~~~~~~~~~~~~~~~~~~^~[m[K
[3.303s] [01m[K/home/claudia/ForestGuard/src/forest_controller/src/controller_husky.cpp:[m[K In member function â€˜[01m[Kvoid Controller::goalPoseCallback(geometry_msgs::msg::PoseArray_<std::allocator<void> >::SharedPtr)[m[Kâ€™:
[3.303s] [01m[K/home/claudia/ForestGuard/src/forest_controller/src/controller_husky.cpp:164:54:[m[K [01;31m[Kerror: [m[Kunable to find string literal operator â€˜[01m[Koperator""rclcpp[m[Kâ€™ with â€˜[01m[Kconst char [13][m[Kâ€™, â€˜[01m[Klong unsigned int[m[Kâ€™ arguments
[3.303s]   164 |   std::string frame = msg->header.frame_id.empty() ? [01;31m[K"map#include "rclcpp[m[K/rclcpp.hpp"" : msg->header.frame_id;
[3.303s]       |                                                      [01;31m[K^~~~~~~~~~~~~~~~~~~~[m[K
[3.303s] [01m[K/home/claudia/ForestGuard/src/forest_controller/src/controller_husky.cpp:164:81:[m[K [01;31m[Kerror: [m[Kexpected primary-expression before â€˜[01m[K.[m[Kâ€™ token
[3.303s]   164 |   std::string frame = msg->header.frame_id.empty() ? "map#include "rclcpp/rclcpp[01;31m[K.[m[Khpp"" : msg->header.frame_id;
[3.303s]       |                                                                                 [01;31m[K^[m[K
[3.304s] [01m[K/home/claudia/ForestGuard/src/forest_controller/src/controller_husky.cpp:164:85:[m[K [01;31m[Kerror: [m[Kexpected â€˜[01m[K:[m[Kâ€™ before string constant
[3.304s]   164 |   std::string frame = msg->header.frame_id.empty() ? "map#include "rclcpp/rclcpp.hpp[01;31m[K"[m[K[32m[K"[m[K : msg->header.frame_id;
[3.304s]       |                                                                                     [01;31m[K^[m[K[32m[K~[m[K
[3.304s]       |                                                                                     [32m[K:[m[K
[3.312s] gmake[2]: *** [CMakeFiles/forest_controller.dir/build.make:90: CMakeFiles/forest_controller.dir/src/main_husky.cpp.o] Error 1
[3.312s] gmake[2]: *** Waiting for unfinished jobs....
[8.433s] gmake[2]: *** [CMakeFiles/forest_controller.dir/build.make:76: CMakeFiles/forest_controller.dir/src/controller_husky.cpp.o] Error 1
[8.433s] gmake[1]: *** [CMakeFiles/Makefile2:137: CMakeFiles/forest_controller.dir/all] Error 2
[8.433s] gmake: *** [Makefile:146: all] Error 2
[8.435s] Invoked command in '/home/claudia/ForestGuard/build/forest_controller' returned '2': CMAKE_PREFIX_PATH=${CMAKE_PREFIX_PATH}:/home/claudia/ForestGuard/install/forest_guard_sim:/home/claudia/ros2_ws/install/examples_rclcpp_minimal_publisher:/home/claudia/ros2_ws/install/a3_support:/opt/ros/humble /usr/bin/cmake --build /home/claudia/ForestGuard/build/forest_controller -- -j16 -l16
